Build started 1/30/2015 11:20:35.
     1>Project "C:\Users\sthanyadit\documents\visual studio 2013\Projects\physx_directx\physx_directx\physx_directx.vcxproj" on node 2 (Build target(s)).
     1>ClCompile:
         C:\Program Files (x86)\Microsoft Visual Studio 12.0\VC\bin\CL.exe /c /I"C:\Users\sthanyadit\documents\visual studio 2013\Projects\physx_directx\packages\directxtk_desktop_2013.2014.11.24.2\build\native\../../build/native/include/" /ZI /nologo /W3 /WX- /Od /Oy- /D HAS_DIRECTXTK /D WIN32 /D _DEBUG /D _WINDOWS /D _UNICODE /D UNICODE /Gm /EHsc /RTC1 /MDd /GS /fp:precise /Zc:wchar_t /Zc:forScope /Yu"stdafx.h" /Fp"Debug\physx_directx.pch" /Fo"Debug\\" /Fd"Debug\vc120.pdb" /Gd /TP /analyze- /errorReport:prompt physx_directx.cpp
         physx_directx.cpp
       ResourceCompile:
         C:\Program Files (x86)\Windows Kits\8.1\bin\x86\rc.exe /D _UNICODE /D UNICODE /l"0x0409" /I"C:\Users\sthanyadit\documents\visual studio 2013\Projects\physx_directx\packages\directxtk_desktop_2013.2014.11.24.2\build\native\../../build/native/include/" /nologo /fo"Debug\physx_directx.res" physx_directx.rc 
       Link:
         C:\Program Files (x86)\Microsoft Visual Studio 12.0\VC\bin\link.exe /ERRORREPORT:PROMPT /OUT:"C:\Users\sthanyadit\documents\visual studio 2013\Projects\physx_directx\Debug\physx_directx.exe" /INCREMENTAL /NOLOGO "C:\Users\sthanyadit\documents\visual studio 2013\Projects\physx_directx\packages\directxtk_desktop_2013.2014.11.24.2\build\native\../../build/native/lib/Win32/Debug/DirectXTKAudioDX.lib" "C:\Users\sthanyadit\documents\visual studio 2013\Projects\physx_directx\packages\directxtk_desktop_2013.2014.11.24.2\build\native\../../build/native/lib/Win32/Debug/DirectXTK.lib" d3d11.lib d3dcompiler.lib dxguid.lib winmm.lib comctl32.lib PhysX3CHECKED_x86.lib PhysX3CommonCHECKED_x86.lib PhysX3ExtensionsCHECKED.lib PhysXVisualDebuggerSDKCHECKED.lib kernel32.lib user32.lib gdi32.lib winspool.lib comdlg32.lib advapi32.lib shell32.lib ole32.lib oleaut32.lib uuid.lib odbc32.lib odbccp32.lib /MANIFEST /MANIFESTUAC:"level='asInvoker' uiAccess='false'" /manifest:embed /DEBUG /PDB:"C:\Users\sthanyadit\documents\visual studio 2013\Projects\physx_directx\Debug\physx_directx.pdb" /SUBSYSTEM:WINDOWS /TLBID:1 /DYNAMICBASE /NXCOMPAT /IMPLIB:"C:\Users\sthanyadit\documents\visual studio 2013\Projects\physx_directx\Debug\physx_directx.lib" /MACHINE:X86 Debug\physx_directx.res
         Debug\Camera.obj
         Debug\GameTimer.obj
         Debug\physx_directx.obj
         Debug\stdafx.obj
     1>LINK : warning LNK4098: defaultlib 'LIBCMT' conflicts with use of other libs; use /NODEFAULTLIB:library
     1>PhysX3ExtensionsCHECKED.lib(ExtCpuWorkerThread.obj) : warning LNK4099: PDB 'physx3extensionschecked.pdb' was not found with 'PhysX3ExtensionsCHECKED.lib(ExtCpuWorkerThread.obj)' or at 'C:\Users\sthanyadit\documents\visual studio 2013\Projects\physx_directx\Debug\physx3extensionschecked.pdb'; linking object as if no debug info
     1>PhysX3ExtensionsCHECKED.lib(ExtD6Joint.obj) : warning LNK4099: PDB 'physx3extensionschecked.pdb' was not found with 'PhysX3ExtensionsCHECKED.lib(ExtD6Joint.obj)' or at 'C:\Users\sthanyadit\documents\visual studio 2013\Projects\physx_directx\Debug\physx3extensionschecked.pdb'; linking object as if no debug info
     1>PhysX3ExtensionsCHECKED.lib(ExtD6JointSolverPrep.obj) : warning LNK4099: PDB 'physx3extensionschecked.pdb' was not found with 'PhysX3ExtensionsCHECKED.lib(ExtD6JointSolverPrep.obj)' or at 'C:\Users\sthanyadit\documents\visual studio 2013\Projects\physx_directx\Debug\physx3extensionschecked.pdb'; linking object as if no debug info
     1>PhysX3ExtensionsCHECKED.lib(ExtDefaultCpuDispatcher.obj) : warning LNK4099: PDB 'physx3extensionschecked.pdb' was not found with 'PhysX3ExtensionsCHECKED.lib(ExtDefaultCpuDispatcher.obj)' or at 'C:\Users\sthanyadit\documents\visual studio 2013\Projects\physx_directx\Debug\physx3extensionschecked.pdb'; linking object as if no debug info
     1>PhysX3ExtensionsCHECKED.lib(ExtDefaultErrorCallback.obj) : warning LNK4099: PDB 'physx3extensionschecked.pdb' was not found with 'PhysX3ExtensionsCHECKED.lib(ExtDefaultErrorCallback.obj)' or at 'C:\Users\sthanyadit\documents\visual studio 2013\Projects\physx_directx\Debug\physx3extensionschecked.pdb'; linking object as if no debug info
     1>PhysX3ExtensionsCHECKED.lib(ExtDefaultSimulationFilterShader.obj) : warning LNK4099: PDB 'physx3extensionschecked.pdb' was not found with 'PhysX3ExtensionsCHECKED.lib(ExtDefaultSimulationFilterShader.obj)' or at 'C:\Users\sthanyadit\documents\visual studio 2013\Projects\physx_directx\Debug\physx3extensionschecked.pdb'; linking object as if no debug info
     1>PhysX3ExtensionsCHECKED.lib(ExtDefaultStreams.obj) : warning LNK4099: PDB 'physx3extensionschecked.pdb' was not found with 'PhysX3ExtensionsCHECKED.lib(ExtDefaultStreams.obj)' or at 'C:\Users\sthanyadit\documents\visual studio 2013\Projects\physx_directx\Debug\physx3extensionschecked.pdb'; linking object as if no debug info
     1>PhysX3ExtensionsCHECKED.lib(ExtDistanceJoint.obj) : warning LNK4099: PDB 'physx3extensionschecked.pdb' was not found with 'PhysX3ExtensionsCHECKED.lib(ExtDistanceJoint.obj)' or at 'C:\Users\sthanyadit\documents\visual studio 2013\Projects\physx_directx\Debug\physx3extensionschecked.pdb'; linking object as if no debug info
     1>PhysX3ExtensionsCHECKED.lib(ExtDistanceJointSolverPrep.obj) : warning LNK4099: PDB 'physx3extensionschecked.pdb' was not found with 'PhysX3ExtensionsCHECKED.lib(ExtDistanceJointSolverPrep.obj)' or at 'C:\Users\sthanyadit\documents\visual studio 2013\Projects\physx_directx\Debug\physx3extensionschecked.pdb'; linking object as if no debug info
     1>PhysX3ExtensionsCHECKED.lib(ExtExtensions.obj) : warning LNK4099: PDB 'physx3extensionschecked.pdb' was not found with 'PhysX3ExtensionsCHECKED.lib(ExtExtensions.obj)' or at 'C:\Users\sthanyadit\documents\visual studio 2013\Projects\physx_directx\Debug\physx3extensionschecked.pdb'; linking object as if no debug info
     1>PhysX3ExtensionsCHECKED.lib(ExtFixedJoint.obj) : warning LNK4099: PDB 'physx3extensionschecked.pdb' was not found with 'PhysX3ExtensionsCHECKED.lib(ExtFixedJoint.obj)' or at 'C:\Users\sthanyadit\documents\visual studio 2013\Projects\physx_directx\Debug\physx3extensionschecked.pdb'; linking object as if no debug info
     1>PhysX3ExtensionsCHECKED.lib(ExtFixedJointSolverPrep.obj) : warning LNK4099: PDB 'physx3extensionschecked.pdb' was not found with 'PhysX3ExtensionsCHECKED.lib(ExtFixedJointSolverPrep.obj)' or at 'C:\Users\sthanyadit\documents\visual studio 2013\Projects\physx_directx\Debug\physx3extensionschecked.pdb'; linking object as if no debug info
     1>PhysX3ExtensionsCHECKED.lib(ExtJoint.obj) : warning LNK4099: PDB 'physx3extensionschecked.pdb' was not found with 'PhysX3ExtensionsCHECKED.lib(ExtJoint.obj)' or at 'C:\Users\sthanyadit\documents\visual studio 2013\Projects\physx_directx\Debug\physx3extensionschecked.pdb'; linking object as if no debug info
     1>PhysX3ExtensionsCHECKED.lib(ExtMetaData.obj) : warning LNK4099: PDB 'physx3extensionschecked.pdb' was not found with 'PhysX3ExtensionsCHECKED.lib(ExtMetaData.obj)' or at 'C:\Users\sthanyadit\documents\visual studio 2013\Projects\physx_directx\Debug\physx3extensionschecked.pdb'; linking object as if no debug info
     1>PhysX3ExtensionsCHECKED.lib(ExtPrismaticJoint.obj) : warning LNK4099: PDB 'physx3extensionschecked.pdb' was not found with 'PhysX3ExtensionsCHECKED.lib(ExtPrismaticJoint.obj)' or at 'C:\Users\sthanyadit\documents\visual studio 2013\Projects\physx_directx\Debug\physx3extensionschecked.pdb'; linking object as if no debug info
     1>PhysX3ExtensionsCHECKED.lib(ExtPrismaticJointSolverPrep.obj) : warning LNK4099: PDB 'physx3extensionschecked.pdb' was not found with 'PhysX3ExtensionsCHECKED.lib(ExtPrismaticJointSolverPrep.obj)' or at 'C:\Users\sthanyadit\documents\visual studio 2013\Projects\physx_directx\Debug\physx3extensionschecked.pdb'; linking object as if no debug info
     1>PhysX3ExtensionsCHECKED.lib(ExtRevoluteJoint.obj) : warning LNK4099: PDB 'physx3extensionschecked.pdb' was not found with 'PhysX3ExtensionsCHECKED.lib(ExtRevoluteJoint.obj)' or at 'C:\Users\sthanyadit\documents\visual studio 2013\Projects\physx_directx\Debug\physx3extensionschecked.pdb'; linking object as if no debug info
     1>PhysX3ExtensionsCHECKED.lib(ExtRevoluteJointSolverPrep.obj) : warning LNK4099: PDB 'physx3extensionschecked.pdb' was not found with 'PhysX3ExtensionsCHECKED.lib(ExtRevoluteJointSolverPrep.obj)' or at 'C:\Users\sthanyadit\documents\visual studio 2013\Projects\physx_directx\Debug\physx3extensionschecked.pdb'; linking object as if no debug info
     1>PhysX3ExtensionsCHECKED.lib(ExtRigidBodyExt.obj) : warning LNK4099: PDB 'physx3extensionschecked.pdb' was not found with 'PhysX3ExtensionsCHECKED.lib(ExtRigidBodyExt.obj)' or at 'C:\Users\sthanyadit\documents\visual studio 2013\Projects\physx_directx\Debug\physx3extensionschecked.pdb'; linking object as if no debug info
     1>PhysX3ExtensionsCHECKED.lib(ExtSimpleFactory.obj) : warning LNK4099: PDB 'physx3extensionschecked.pdb' was not found with 'PhysX3ExtensionsCHECKED.lib(ExtSimpleFactory.obj)' or at 'C:\Users\sthanyadit\documents\visual studio 2013\Projects\physx_directx\Debug\physx3extensionschecked.pdb'; linking object as if no debug info
     1>PhysX3ExtensionsCHECKED.lib(ExtSphericalJoint.obj) : warning LNK4099: PDB 'physx3extensionschecked.pdb' was not found with 'PhysX3ExtensionsCHECKED.lib(ExtSphericalJoint.obj)' or at 'C:\Users\sthanyadit\documents\visual studio 2013\Projects\physx_directx\Debug\physx3extensionschecked.pdb'; linking object as if no debug info
     1>PhysX3ExtensionsCHECKED.lib(ExtSphericalJointSolverPrep.obj) : warning LNK4099: PDB 'physx3extensionschecked.pdb' was not found with 'PhysX3ExtensionsCHECKED.lib(ExtSphericalJointSolverPrep.obj)' or at 'C:\Users\sthanyadit\documents\visual studio 2013\Projects\physx_directx\Debug\physx3extensionschecked.pdb'; linking object as if no debug info
     1>PhysX3ExtensionsCHECKED.lib(ExtVisualDebugger.obj) : warning LNK4099: PDB 'physx3extensionschecked.pdb' was not found with 'PhysX3ExtensionsCHECKED.lib(ExtVisualDebugger.obj)' or at 'C:\Users\sthanyadit\documents\visual studio 2013\Projects\physx_directx\Debug\physx3extensionschecked.pdb'; linking object as if no debug info
     1>PhysX3ExtensionsCHECKED.lib(SnConvX.obj) : warning LNK4099: PDB 'physx3extensionschecked.pdb' was not found with 'PhysX3ExtensionsCHECKED.lib(SnConvX.obj)' or at 'C:\Users\sthanyadit\documents\visual studio 2013\Projects\physx_directx\Debug\physx3extensionschecked.pdb'; linking object as if no debug info
     1>PhysX3ExtensionsCHECKED.lib(SnConvX_Align.obj) : warning LNK4099: PDB 'physx3extensionschecked.pdb' was not found with 'PhysX3ExtensionsCHECKED.lib(SnConvX_Align.obj)' or at 'C:\Users\sthanyadit\documents\visual studio 2013\Projects\physx_directx\Debug\physx3extensionschecked.pdb'; linking object as if no debug info
     1>PhysX3ExtensionsCHECKED.lib(SnConvX_Convert.obj) : warning LNK4099: PDB 'physx3extensionschecked.pdb' was not found with 'PhysX3ExtensionsCHECKED.lib(SnConvX_Convert.obj)' or at 'C:\Users\sthanyadit\documents\visual studio 2013\Projects\physx_directx\Debug\physx3extensionschecked.pdb'; linking object as if no debug info
     1>PhysX3ExtensionsCHECKED.lib(SnConvX_Error.obj) : warning LNK4099: PDB 'physx3extensionschecked.pdb' was not found with 'PhysX3ExtensionsCHECKED.lib(SnConvX_Error.obj)' or at 'C:\Users\sthanyadit\documents\visual studio 2013\Projects\physx_directx\Debug\physx3extensionschecked.pdb'; linking object as if no debug info
     1>PhysX3ExtensionsCHECKED.lib(SnConvX_MetaData.obj) : warning LNK4099: PDB 'physx3extensionschecked.pdb' was not found with 'PhysX3ExtensionsCHECKED.lib(SnConvX_MetaData.obj)' or at 'C:\Users\sthanyadit\documents\visual studio 2013\Projects\physx_directx\Debug\physx3extensionschecked.pdb'; linking object as if no debug info
     1>PhysX3ExtensionsCHECKED.lib(SnConvX_Output.obj) : warning LNK4099: PDB 'physx3extensionschecked.pdb' was not found with 'PhysX3ExtensionsCHECKED.lib(SnConvX_Output.obj)' or at 'C:\Users\sthanyadit\documents\visual studio 2013\Projects\physx_directx\Debug\physx3extensionschecked.pdb'; linking object as if no debug info
     1>PhysX3ExtensionsCHECKED.lib(SnConvX_Union.obj) : warning LNK4099: PDB 'physx3extensionschecked.pdb' was not found with 'PhysX3ExtensionsCHECKED.lib(SnConvX_Union.obj)' or at 'C:\Users\sthanyadit\documents\visual studio 2013\Projects\physx_directx\Debug\physx3extensionschecked.pdb'; linking object as if no debug info
     1>PhysX3ExtensionsCHECKED.lib(SnJointRepXSerializer.obj) : warning LNK4099: PDB 'physx3extensionschecked.pdb' was not found with 'PhysX3ExtensionsCHECKED.lib(SnJointRepXSerializer.obj)' or at 'C:\Users\sthanyadit\documents\visual studio 2013\Projects\physx_directx\Debug\physx3extensionschecked.pdb'; linking object as if no debug info
     1>PhysX3ExtensionsCHECKED.lib(SnRepXCoreSerializer.obj) : warning LNK4099: PDB 'physx3extensionschecked.pdb' was not found with 'PhysX3ExtensionsCHECKED.lib(SnRepXCoreSerializer.obj)' or at 'C:\Users\sthanyadit\documents\visual studio 2013\Projects\physx_directx\Debug\physx3extensionschecked.pdb'; linking object as if no debug info
     1>PhysX3ExtensionsCHECKED.lib(SnRepXUpgrader.obj) : warning LNK4099: PDB 'physx3extensionschecked.pdb' was not found with 'PhysX3ExtensionsCHECKED.lib(SnRepXUpgrader.obj)' or at 'C:\Users\sthanyadit\documents\visual studio 2013\Projects\physx_directx\Debug\physx3extensionschecked.pdb'; linking object as if no debug info
     1>PhysX3ExtensionsCHECKED.lib(SnXmlSerialization.obj) : warning LNK4099: PDB 'physx3extensionschecked.pdb' was not found with 'PhysX3ExtensionsCHECKED.lib(SnXmlSerialization.obj)' or at 'C:\Users\sthanyadit\documents\visual studio 2013\Projects\physx_directx\Debug\physx3extensionschecked.pdb'; linking object as if no debug info
     1>PhysX3ExtensionsCHECKED.lib(SnSerialization.obj) : warning LNK4099: PDB 'physx3extensionschecked.pdb' was not found with 'PhysX3ExtensionsCHECKED.lib(SnSerialization.obj)' or at 'C:\Users\sthanyadit\documents\visual studio 2013\Projects\physx_directx\Debug\physx3extensionschecked.pdb'; linking object as if no debug info
     1>PhysX3ExtensionsCHECKED.lib(SnSerializationRegistry.obj) : warning LNK4099: PDB 'physx3extensionschecked.pdb' was not found with 'PhysX3ExtensionsCHECKED.lib(SnSerializationRegistry.obj)' or at 'C:\Users\sthanyadit\documents\visual studio 2013\Projects\physx_directx\Debug\physx3extensionschecked.pdb'; linking object as if no debug info
     1>PhysX3ExtensionsCHECKED.lib(SnSerialUtils.obj) : warning LNK4099: PDB 'physx3extensionschecked.pdb' was not found with 'PhysX3ExtensionsCHECKED.lib(SnSerialUtils.obj)' or at 'C:\Users\sthanyadit\documents\visual studio 2013\Projects\physx_directx\Debug\physx3extensionschecked.pdb'; linking object as if no debug info
     1>PhysX3ExtensionsCHECKED.lib(PxExtensionAutoGeneratedMetaDataObjects.obj) : warning LNK4099: PDB 'physx3extensionschecked.pdb' was not found with 'PhysX3ExtensionsCHECKED.lib(PxExtensionAutoGeneratedMetaDataObjects.obj)' or at 'C:\Users\sthanyadit\documents\visual studio 2013\Projects\physx_directx\Debug\physx3extensionschecked.pdb'; linking object as if no debug info
         physx_directx.vcxproj -> C:\Users\sthanyadit\documents\visual studio 2013\Projects\physx_directx\Debug\physx_directx.exe
     1>Done Building Project "C:\Users\sthanyadit\documents\visual studio 2013\Projects\physx_directx\physx_directx\physx_directx.vcxproj" (Build target(s)).

Build succeeded.

Time Elapsed 00:00:03.79
